\BOOKMARK [1][-]{section.1}{Objective}{}% 1
\BOOKMARK [1][-]{section.2}{Introduction}{}% 2
\BOOKMARK [2][-]{subsection.2.1}{High Level Overview}{section.2}% 3
\BOOKMARK [2][-]{subsection.2.2}{VHDL Project Overview}{section.2}% 4
\BOOKMARK [1][-]{section.3}{Temperature Sensor Module}{}% 5
\BOOKMARK [1][-]{section.4}{Desired Temperature Control Module}{}% 6
\BOOKMARK [1][-]{section.5}{DC Motor Control Module}{}% 7
\BOOKMARK [1][-]{section.6}{UART Serial Communication Module}{}% 8
\BOOKMARK [2][-]{subsection.6.1}{UART Library Introduction}{section.6}% 9
\BOOKMARK [2][-]{subsection.6.2}{Using the UART Component}{section.6}% 10
\BOOKMARK [2][-]{subsection.6.3}{Data Encoding}{section.6}% 11
\BOOKMARK [1][-]{section.7}{VGA BRAM Display Module}{}% 12
\BOOKMARK [2][-]{subsection.7.1}{VGA Display Overview}{section.7}% 13
\BOOKMARK [2][-]{subsection.7.2}{BRAM Module}{section.7}% 14
\BOOKMARK [1][-]{section.8}{Digital PID Control Module}{}% 15
\BOOKMARK [2][-]{subsection.8.1}{Brief PID Control Theory}{section.8}% 16
\BOOKMARK [2][-]{subsection.8.2}{System Identification}{section.8}% 17
\BOOKMARK [2][-]{subsection.8.3}{Digital PID Controller Design}{section.8}% 18
\BOOKMARK [1][-]{section.9}{Implementation Images}{}% 19
\BOOKMARK [1][-]{section.10}{References}{}% 20
\BOOKMARK [1][-]{section.11}{Appendix}{}% 21
